<?xml version="1.0" encoding="UTF-8"?>
<!-- Generated by org.testng.reporters.JUnitXMLReporter -->
<testsuite ignored="0" hostname="Scaletech-GS" failures="2" tests="20" name="Test" time="173.768" errors="0" timestamp="2024-01-29T18:58:29 IST">
  <testcase classname="Think.ihk_test.login" name="Login" time="5.887"/>
  <testcase classname="Think.ihk_test.login" name="drawerVisible" time="0.566"/>
  <testcase classname="Think.ihk_test.dashboard" name="motifsImageVisibleFinal" time="14.701">
    <skipped/>
  </testcase> <!-- motifsImageVisibleFinal -->
  <testcase classname="Think.ihk_test.dashboard" name="motifsImageVisibleFinal" time="6.955">
    <failure type="java.lang.AssertionError" message="Lists differ at element [0]: https://s3.eu-central-1.amazonaws.com/ads.ihk-stage/assets/motifs/stage-check-111_preview.jpg != https://s3.eu-central-1.amazonaws.com/ads.ihk-stage/assets/motifs/motif-preview-placeholder.jpg expected [https://s3.eu-central-1.amazonaws.com/ads.ihk-stage/assets/motifs/stage-check-111_preview.jpg] but found [https://s3.eu-central-1.amazonaws.com/ads.ihk-stage/assets/motifs/motif-preview-placeholder.jpg]">
      <![CDATA[java.lang.AssertionError: Lists differ at element [0]: https://s3.eu-central-1.amazonaws.com/ads.ihk-stage/assets/motifs/stage-check-111_preview.jpg != https://s3.eu-central-1.amazonaws.com/ads.ihk-stage/assets/motifs/motif-preview-placeholder.jpg expected [https://s3.eu-central-1.amazonaws.com/ads.ihk-stage/assets/motifs/stage-check-111_preview.jpg] but found [https://s3.eu-central-1.amazonaws.com/ads.ihk-stage/assets/motifs/motif-preview-placeholder.jpg]
at Think.ihk_test.dashboard.motifsImageVisibleFinal(dashboard.java:117)
at java.base/java.util.ArrayList.forEach(ArrayList.java:1511)
... Removed 32 stack frames]]>
    </failure>
  </testcase> <!-- motifsImageVisibleFinal -->
  <testcase classname="Think.ihk_test.dashboard" name="motifsNameVisiblefinal" time="2.95"/>
  <testcase classname="Think.ihk_test.displayBannerTemplateList" name="navigateDisplayBannerModule" time="6.924"/>
  <testcase classname="Think.ihk_test.displayBannerTemplateList" name="verifyTypOfDisplayBanner" time="0.272"/>
  <testcase classname="Think.ihk_test.displayBannerCreativePreview" name="checkPreviewOfAds" time="32.466"/>
  <testcase classname="Think.ihk_test.displayBannerCreativePreview" name="configurationChangeByDropdown" time="3.356"/>
  <testcase classname="Think.ihk_test.displayBannerCreativePreview" name="checkPreviewAfterEdit" time="22.476">
    <skipped/>
  </testcase> <!-- checkPreviewAfterEdit -->
  <testcase classname="Think.ihk_test.displayBannerCreativePreview" name="checkPreviewAfterEdit" time="0.533">
    <failure type="org.openqa.selenium.StaleElementReferenceException" message="stale element reference: stale element not found
  (Session info: chrome=121.0.6167.86)
For documentation on this error, please visit: https://www.selenium.dev/documentation/webdriver/troubleshooting/errors#stale-element-reference-exception
Build info: version: &amp;apos;4.10.0&amp;apos;, revision: &amp;apos;c14d967899&amp;apos;
System info: os.name: &amp;apos;Windows 10&amp;apos;, os.arch: &amp;apos;amd64&amp;apos;, os.version: &amp;apos;10.0&amp;apos;, java.version: &amp;apos;17.0.6&amp;apos;
Driver info: org.openqa.selenium.chrome.ChromeDriver
Command: [62b1abddcafb4d0ee2c3a3177c5895ce, isElementDisplayed {id=9362D6D30C4D0680FA66F654FA906BD8_element_13373}]
Capabilities {acceptInsecureCerts: false, browserName: chrome, browserVersion: 121.0.6167.86, chrome: {chromedriverVersion: 121.0.6167.85 (3f98d690ad7e..., userDataDir: C:\Users\mehul\AppData\Loca...}, fedcm:accounts: true, goog:chromeOptions: {debuggerAddress: localhost:50884}, networkConnectionEnabled: false, pageLoadStrategy: normal, platformName: windows, proxy: Proxy(), se:cdp: ws://localhost:50884/devtoo..., se:cdpVersion: 121.0.6167.86, setWindowRect: true, strictFileInteractability: false, timeouts: {implicit: 0, pageLoad: 300000, script: 30000}, unhandledPromptBehavior: dismiss and notify, webauthn:extension:credBlob: true, webauthn:extension:largeBlob: true, webauthn:extension:minPinLength: true, webauthn:extension:prf: true, webauthn:virtualAuthenticators: true}
Element: [[ChromeDriver: chrome on windows (62b1abddcafb4d0ee2c3a3177c5895ce)] -&amp;gt; xpath: //button[text()=&amp;apos;Vorschau&amp;apos;]]
Session ID: 62b1abddcafb4d0ee2c3a3177c5895ce">
      <![CDATA[org.openqa.selenium.StaleElementReferenceException: stale element reference: stale element not found
  (Session info: chrome=121.0.6167.86)
For documentation on this error, please visit: https://www.selenium.dev/documentation/webdriver/troubleshooting/errors#stale-element-reference-exception
Build info: version: '4.10.0', revision: 'c14d967899'
System info: os.name: 'Windows 10', os.arch: 'amd64', os.version: '10.0', java.version: '17.0.6'
Driver info: org.openqa.selenium.chrome.ChromeDriver
Command: [62b1abddcafb4d0ee2c3a3177c5895ce, isElementDisplayed {id=9362D6D30C4D0680FA66F654FA906BD8_element_13373}]
Capabilities {acceptInsecureCerts: false, browserName: chrome, browserVersion: 121.0.6167.86, chrome: {chromedriverVersion: 121.0.6167.85 (3f98d690ad7e..., userDataDir: C:\Users\mehul\AppData\Loca...}, fedcm:accounts: true, goog:chromeOptions: {debuggerAddress: localhost:50884}, networkConnectionEnabled: false, pageLoadStrategy: normal, platformName: windows, proxy: Proxy(), se:cdp: ws://localhost:50884/devtoo..., se:cdpVersion: 121.0.6167.86, setWindowRect: true, strictFileInteractability: false, timeouts: {implicit: 0, pageLoad: 300000, script: 30000}, unhandledPromptBehavior: dismiss and notify, webauthn:extension:credBlob: true, webauthn:extension:largeBlob: true, webauthn:extension:minPinLength: true, webauthn:extension:prf: true, webauthn:virtualAuthenticators: true}
Element: [[ChromeDriver: chrome on windows (62b1abddcafb4d0ee2c3a3177c5895ce)] -> xpath: //button[text()='Vorschau']]
Session ID: 62b1abddcafb4d0ee2c3a3177c5895ce
at org.openqa.selenium.remote.codec.w3c.W3CHttpResponseCodec.createException(W3CHttpResponseCodec.java:200)
at org.openqa.selenium.remote.codec.w3c.W3CHttpResponseCodec.decode(W3CHttpResponseCodec.java:133)
at org.openqa.selenium.remote.codec.w3c.W3CHttpResponseCodec.decode(W3CHttpResponseCodec.java:52)
at org.openqa.selenium.remote.HttpCommandExecutor.execute(HttpCommandExecutor.java:191)
at org.openqa.selenium.remote.service.DriverCommandExecutor.invokeExecute(DriverCommandExecutor.java:200)
at org.openqa.selenium.remote.service.DriverCommandExecutor.execute(DriverCommandExecutor.java:175)
at org.openqa.selenium.remote.RemoteWebDriver.execute(RemoteWebDriver.java:602)
at org.openqa.selenium.remote.RemoteWebElement.execute(RemoteWebElement.java:224)
at org.openqa.selenium.remote.RemoteWebElement.isDisplayed(RemoteWebElement.java:283)
at org.openqa.selenium.support.ui.ExpectedConditions$9.apply(ExpectedConditions.java:264)
at org.openqa.selenium.support.ui.ExpectedConditions$9.apply(ExpectedConditions.java:260)
at org.openqa.selenium.support.ui.FluentWait.until(FluentWait.java:205)
at Think.ihk_abstract.Abstract.waitForListOfWebElementToAppear(Abstract.java:60)
at Think.ihk_pageobjects.DisplayBanner.checkPreviewAfterEdit(DisplayBanner.java:406)
at Think.ihk_test.displayBannerCreativePreview.checkPreviewAfterEdit(displayBannerCreativePreview.java:61)
at java.base/java.util.ArrayList.forEach(ArrayList.java:1511)
... Removed 32 stack frames]]>
    </failure>
  </testcase> <!-- checkPreviewAfterEdit -->
  <testcase classname="Think.ihk_test.displayBannerCreativeListing" name="addNewCampaign" time="17.011"/>
  <testcase classname="Think.ihk_test.displayBannerCreativeListing" name="compareHeadlineList" time="12.823"/>
  <testcase classname="Think.ihk_test.displayBannerCreativeListing" name="compareImageList" time="2.876"/>
  <testcase classname="Think.ihk_test.displayBannerCreativeListing" name="compareSearchCreativeListing" time="4.396"/>
  <testcase classname="Think.ihk_test.displayBannerCreativeListing" name="deleteList" time="8.683"/>
  <testcase classname="Think.ihk_test.displayBannerCreativeListing" name="duplicateList" time="10.384"/>
  <testcase classname="Think.ihk_test.displayBannerCreativeListing" name="filterRegionCreativeListing" time="2.622"/>
  <testcase classname="Think.ihk_test.displayBannerCreativeListing" name="navigateToTemplateList" time="2.333"/>
  <testcase classname="Think.ihk_test.displayBannerCreativeListing" name="searchCreativeListingMessage" time="2.669"/>
</testsuite> <!-- Test -->
