<html>
<head>
<title>TestNG:  Test</title>
<link href="../testng.css" rel="stylesheet" type="text/css" />
<link href="../my-testng.css" rel="stylesheet" type="text/css" />

<style type="text/css">
.log { display: none;} 
.stack-trace { display: none;} 
</style>
<script type="text/javascript">
<!--
function flip(e) {
  current = e.style.display;
  if (current == 'block') {
    e.style.display = 'none';
    return 0;
  }
  else {
    e.style.display = 'block';
    return 1;
  }
}

function toggleBox(szDivId, elem, msg1, msg2)
{
  var res = -1;  if (document.getElementById) {
    res = flip(document.getElementById(szDivId));
  }
  else if (document.all) {
    // this is the way old msie versions work
    res = flip(document.all[szDivId]);
  }
  if(elem) {
    if(res == 0) elem.innerHTML = msg1; else elem.innerHTML = msg2;
  }

}

function toggleAllBoxes() {
  if (document.getElementsByTagName) {
    d = document.getElementsByTagName('div');
    for (i = 0; i < d.length; i++) {
      if (d[i].className == 'log') {
        flip(d[i]);
      }
    }
  }
}

// -->
</script>

</head>
<body>
<h2 align='center'>Test</h2><table border='1' align="center">
<tr>
<td>Tests passed/Failed/Skipped:</td><td>16/2/2</td>
</tr><tr>
<td>Started on:</td><td>Mon Jan 29 18:55:35 IST 2024</td>
</tr>
<tr><td>Total time:</td><td>173 seconds (173768 ms)</td>
</tr><tr>
<td>Included groups:</td><td></td>
</tr><tr>
<td>Excluded groups:</td><td></td>
</tr>
</table><p/>
<small><i>(Hover the method name to see the test class name)</i></small><p/>
<table width='100%' border='1' class='invocation-failed'>
<tr><td colspan='4' align='center'><b>FAILED TESTS</b></td></tr>
<tr><td><b>Test method</b></td>
<td width="30%"><b>Exception</b></td>
<td width="10%"><b>Time (seconds)</b></td>
<td><b>Instance</b></td>
</tr>
<tr>
<td title='Think.ihk_test.displayBannerCreativePreview.checkPreviewAfterEdit()'><b>checkPreviewAfterEdit</b><br>Test class: Think.ihk_test.displayBannerCreativePreview<br>Test method: Verify that  same creative preview should visible which i edited by content setting</td>
<td><div><pre>org.openqa.selenium.StaleElementReferenceException: stale element reference: stale element not found
  (Session info: chrome=121.0.6167.86)
For documentation on this error, please visit: https://www.selenium.dev/documentation/webdriver/troubleshooting/errors#stale-element-reference-exception
Build info: version: &apos;4.10.0&apos;, revision: &apos;c14d967899&apos;
System info: os.name: &apos;Windows 10&apos;, os.arch: &apos;amd64&apos;, os.version: &apos;10.0&apos;, java.version: &apos;17.0.6&apos;
Driver info: org.openqa.selenium.chrome.ChromeDriver
Command: [62b1abddcafb4d0ee2c3a3177c5895ce, isElementDisplayed {id=9362D6D30C4D0680FA66F654FA906BD8_element_13373}]
Capabilities {acceptInsecureCerts: false, browserName: chrome, browserVersion: 121.0.6167.86, chrome: {chromedriverVersion: 121.0.6167.85 (3f98d690ad7e..., userDataDir: C:\Users\mehul\AppData\Loca...}, fedcm:accounts: true, goog:chromeOptions: {debuggerAddress: localhost:50884}, networkConnectionEnabled: false, pageLoadStrategy: normal, platformName: windows, proxy: Proxy(), se:cdp: ws://localhost:50884/devtoo..., se:cdpVersion: 121.0.6167.86, setWindowRect: true, strictFileInteractability: false, timeouts: {implicit: 0, pageLoad: 300000, script: 30000}, unhandledPromptBehavior: dismiss and notify, webauthn:extension:credBlob: true, webauthn:extension:largeBlob: true, webauthn:extension:minPinLength: true, webauthn:extension:prf: true, webauthn:virtualAuthenticators: true}
Element: [[ChromeDriver: chrome on windows (62b1abddcafb4d0ee2c3a3177c5895ce)] -&gt; xpath: //button[text()=&apos;Vorschau&apos;]]
Session ID: 62b1abddcafb4d0ee2c3a3177c5895ce
	at org.openqa.selenium.remote.codec.w3c.W3CHttpResponseCodec.createException(W3CHttpResponseCodec.java:200)
	at org.openqa.selenium.remote.codec.w3c.W3CHttpResponseCodec.decode(W3CHttpResponseCodec.java:133)
	at org.openqa.selenium.remote.codec.w3c.W3CHttpResponseCodec.decode(W3CHttpResponseCodec.java:52)
	at org.openqa.selenium.remote.HttpCommandExecutor.execute(HttpCommandExecutor.java:191)
	at org.openqa.selenium.remote.service.DriverCommandExecutor.invokeExecute(DriverCommandExecutor.java:200)
	at org.openqa.selenium.remote.service.DriverCommandExecutor.execute(DriverCommandExecutor.java:175)
	at org.openqa.selenium.remote.RemoteWebDriver.execute(RemoteWebDriver.java:602)
	at org.openqa.selenium.remote.RemoteWebElement.execute(RemoteWebElement.java:224)
	at org.openqa.selenium.remote.RemoteWebElement.isDisplayed(RemoteWebElement.java:283)
	at org.openqa.selenium.support.ui.ExpectedConditions$9.apply(ExpectedConditions.java:264)
	at org.openqa.selenium.support.ui.ExpectedConditions$9.apply(ExpectedConditions.java:260)
	at org.openqa.selenium.support.ui.FluentWait.until(FluentWait.java:205)
	at Think.ihk_abstract.Abstract.waitForListOfWebElementToAppear(Abstract.java:60)
	at Think.ihk_pageobjects.DisplayBanner.checkPreviewAfterEdit(DisplayBanner.java:406)
	at Think.ihk_test.displayBannerCreativePreview.checkPreviewAfterEdit(displayBannerCreativePreview.java:61)
	at java.base/java.util.ArrayList.forEach(ArrayList.java:1511)
... Removed 32 stack frames</pre></div><a href='#' onClick='toggleBox("stack-trace1196222136", this, "Click to show all stack frames", "Click to hide stack frames")'>Click to show all stack frames</a>
<div class='stack-trace' id='stack-trace1196222136'><pre>org.openqa.selenium.StaleElementReferenceException: stale element reference: stale element not found
  (Session info: chrome=121.0.6167.86)
For documentation on this error, please visit: https://www.selenium.dev/documentation/webdriver/troubleshooting/errors#stale-element-reference-exception
Build info: version: &apos;4.10.0&apos;, revision: &apos;c14d967899&apos;
System info: os.name: &apos;Windows 10&apos;, os.arch: &apos;amd64&apos;, os.version: &apos;10.0&apos;, java.version: &apos;17.0.6&apos;
Driver info: org.openqa.selenium.chrome.ChromeDriver
Command: [62b1abddcafb4d0ee2c3a3177c5895ce, isElementDisplayed {id=9362D6D30C4D0680FA66F654FA906BD8_element_13373}]
Capabilities {acceptInsecureCerts: false, browserName: chrome, browserVersion: 121.0.6167.86, chrome: {chromedriverVersion: 121.0.6167.85 (3f98d690ad7e..., userDataDir: C:\Users\mehul\AppData\Loca...}, fedcm:accounts: true, goog:chromeOptions: {debuggerAddress: localhost:50884}, networkConnectionEnabled: false, pageLoadStrategy: normal, platformName: windows, proxy: Proxy(), se:cdp: ws://localhost:50884/devtoo..., se:cdpVersion: 121.0.6167.86, setWindowRect: true, strictFileInteractability: false, timeouts: {implicit: 0, pageLoad: 300000, script: 30000}, unhandledPromptBehavior: dismiss and notify, webauthn:extension:credBlob: true, webauthn:extension:largeBlob: true, webauthn:extension:minPinLength: true, webauthn:extension:prf: true, webauthn:virtualAuthenticators: true}
Element: [[ChromeDriver: chrome on windows (62b1abddcafb4d0ee2c3a3177c5895ce)] -&gt; xpath: //button[text()=&apos;Vorschau&apos;]]
Session ID: 62b1abddcafb4d0ee2c3a3177c5895ce
	at java.base/jdk.internal.reflect.NativeConstructorAccessorImpl.newInstance0(Native Method)
	at java.base/jdk.internal.reflect.NativeConstructorAccessorImpl.newInstance(NativeConstructorAccessorImpl.java:77)
	at java.base/jdk.internal.reflect.DelegatingConstructorAccessorImpl.newInstance(DelegatingConstructorAccessorImpl.java:45)
	at java.base/java.lang.reflect.Constructor.newInstanceWithCaller(Constructor.java:499)
	at java.base/java.lang.reflect.Constructor.newInstance(Constructor.java:480)
	at org.openqa.selenium.remote.codec.w3c.W3CHttpResponseCodec.createException(W3CHttpResponseCodec.java:200)
	at org.openqa.selenium.remote.codec.w3c.W3CHttpResponseCodec.decode(W3CHttpResponseCodec.java:133)
	at org.openqa.selenium.remote.codec.w3c.W3CHttpResponseCodec.decode(W3CHttpResponseCodec.java:52)
	at org.openqa.selenium.remote.HttpCommandExecutor.execute(HttpCommandExecutor.java:191)
	at org.openqa.selenium.remote.service.DriverCommandExecutor.invokeExecute(DriverCommandExecutor.java:200)
	at org.openqa.selenium.remote.service.DriverCommandExecutor.execute(DriverCommandExecutor.java:175)
	at org.openqa.selenium.remote.RemoteWebDriver.execute(RemoteWebDriver.java:602)
	at org.openqa.selenium.remote.RemoteWebElement.execute(RemoteWebElement.java:224)
	at org.openqa.selenium.remote.RemoteWebElement.isDisplayed(RemoteWebElement.java:283)
	at org.openqa.selenium.support.ui.ExpectedConditions$9.apply(ExpectedConditions.java:264)
	at org.openqa.selenium.support.ui.ExpectedConditions$9.apply(ExpectedConditions.java:260)
	at org.openqa.selenium.support.ui.FluentWait.until(FluentWait.java:205)
	at Think.ihk_abstract.Abstract.waitForListOfWebElementToAppear(Abstract.java:60)
	at Think.ihk_pageobjects.DisplayBanner.checkPreviewAfterEdit(DisplayBanner.java:406)
	at Think.ihk_test.displayBannerCreativePreview.checkPreviewAfterEdit(displayBannerCreativePreview.java:61)
	at java.base/jdk.internal.reflect.NativeMethodAccessorImpl.invoke0(Native Method)
	at java.base/jdk.internal.reflect.NativeMethodAccessorImpl.invoke(NativeMethodAccessorImpl.java:77)
	at java.base/jdk.internal.reflect.DelegatingMethodAccessorImpl.invoke(DelegatingMethodAccessorImpl.java:43)
	at java.base/java.lang.reflect.Method.invoke(Method.java:568)
	at org.testng.internal.MethodInvocationHelper.invokeMethod(MethodInvocationHelper.java:133)
	at org.testng.internal.TestInvoker.invokeMethod(TestInvoker.java:598)
	at org.testng.internal.TestInvoker.retryFailed(TestInvoker.java:213)
	at org.testng.internal.MethodRunner.runInSequence(MethodRunner.java:58)
	at org.testng.internal.TestInvoker$MethodInvocationAgent.invoke(TestInvoker.java:824)
	at org.testng.internal.TestInvoker.invokeTestMethods(TestInvoker.java:146)
	at org.testng.internal.TestMethodWorker.invokeTestMethods(TestMethodWorker.java:146)
	at org.testng.internal.TestMethodWorker.run(TestMethodWorker.java:128)
	at java.base/java.util.ArrayList.forEach(ArrayList.java:1511)
	at org.testng.TestRunner.privateRun(TestRunner.java:794)
	at org.testng.TestRunner.run(TestRunner.java:596)
	at org.testng.SuiteRunner.runTest(SuiteRunner.java:377)
	at org.testng.SuiteRunner.runSequentially(SuiteRunner.java:371)
	at org.testng.SuiteRunner.privateRun(SuiteRunner.java:332)
	at org.testng.SuiteRunner.run(SuiteRunner.java:276)
	at org.testng.SuiteRunnerWorker.runSuite(SuiteRunnerWorker.java:53)
	at org.testng.SuiteRunnerWorker.run(SuiteRunnerWorker.java:96)
	at org.testng.TestNG.runSuitesSequentially(TestNG.java:1212)
	at org.testng.TestNG.runSuitesLocally(TestNG.java:1134)
	at org.testng.TestNG.runSuites(TestNG.java:1063)
	at org.testng.TestNG.run(TestNG.java:1031)
	at org.testng.remote.AbstractRemoteTestNG.run(AbstractRemoteTestNG.java:115)
	at org.testng.remote.RemoteTestNG.initAndRun(RemoteTestNG.java:251)
	at org.testng.remote.RemoteTestNG.main(RemoteTestNG.java:77)
</pre></div></td>
<td>0</td>
<td>Think.ihk_test.displayBannerCreativePreview@431cd9b2</td></tr>
<tr>
<td title='Think.ihk_test.dashboard.motifsImageVisibleFinal()'><b>motifsImageVisibleFinal</b><br>Test class: Think.ihk_test.dashboard<br>Test method: Verify that motif url should same as we have added in the motif management</td>
<td><div><pre>java.lang.AssertionError: Lists differ at element [0]: https://s3.eu-central-1.amazonaws.com/ads.ihk-stage/assets/motifs/stage-check-111_preview.jpg != https://s3.eu-central-1.amazonaws.com/ads.ihk-stage/assets/motifs/motif-preview-placeholder.jpg expected [https://s3.eu-central-1.amazonaws.com/ads.ihk-stage/assets/motifs/stage-check-111_preview.jpg] but found [https://s3.eu-central-1.amazonaws.com/ads.ihk-stage/assets/motifs/motif-preview-placeholder.jpg]
	at Think.ihk_test.dashboard.motifsImageVisibleFinal(dashboard.java:117)
	at java.base/java.util.ArrayList.forEach(ArrayList.java:1511)
... Removed 32 stack frames</pre></div><a href='#' onClick='toggleBox("stack-trace1025786379", this, "Click to show all stack frames", "Click to hide stack frames")'>Click to show all stack frames</a>
<div class='stack-trace' id='stack-trace1025786379'><pre>java.lang.AssertionError: Lists differ at element [0]: https://s3.eu-central-1.amazonaws.com/ads.ihk-stage/assets/motifs/stage-check-111_preview.jpg != https://s3.eu-central-1.amazonaws.com/ads.ihk-stage/assets/motifs/motif-preview-placeholder.jpg expected [https://s3.eu-central-1.amazonaws.com/ads.ihk-stage/assets/motifs/stage-check-111_preview.jpg] but found [https://s3.eu-central-1.amazonaws.com/ads.ihk-stage/assets/motifs/motif-preview-placeholder.jpg]
	at org.testng.Assert.fail(Assert.java:99)
	at org.testng.Assert.failNotEquals(Assert.java:1037)
	at org.testng.Assert.assertEqualsImpl(Assert.java:140)
	at org.testng.Assert.assertEquals(Assert.java:1103)
	at org.testng.Assert.assertEquals(Assert.java:1065)
	at Think.ihk_test.dashboard.motifsImageVisibleFinal(dashboard.java:117)
	at java.base/jdk.internal.reflect.NativeMethodAccessorImpl.invoke0(Native Method)
	at java.base/jdk.internal.reflect.NativeMethodAccessorImpl.invoke(NativeMethodAccessorImpl.java:77)
	at java.base/jdk.internal.reflect.DelegatingMethodAccessorImpl.invoke(DelegatingMethodAccessorImpl.java:43)
	at java.base/java.lang.reflect.Method.invoke(Method.java:568)
	at org.testng.internal.MethodInvocationHelper.invokeMethod(MethodInvocationHelper.java:133)
	at org.testng.internal.TestInvoker.invokeMethod(TestInvoker.java:598)
	at org.testng.internal.TestInvoker.retryFailed(TestInvoker.java:213)
	at org.testng.internal.MethodRunner.runInSequence(MethodRunner.java:58)
	at org.testng.internal.TestInvoker$MethodInvocationAgent.invoke(TestInvoker.java:824)
	at org.testng.internal.TestInvoker.invokeTestMethods(TestInvoker.java:146)
	at org.testng.internal.TestMethodWorker.invokeTestMethods(TestMethodWorker.java:146)
	at org.testng.internal.TestMethodWorker.run(TestMethodWorker.java:128)
	at java.base/java.util.ArrayList.forEach(ArrayList.java:1511)
	at org.testng.TestRunner.privateRun(TestRunner.java:794)
	at org.testng.TestRunner.run(TestRunner.java:596)
	at org.testng.SuiteRunner.runTest(SuiteRunner.java:377)
	at org.testng.SuiteRunner.runSequentially(SuiteRunner.java:371)
	at org.testng.SuiteRunner.privateRun(SuiteRunner.java:332)
	at org.testng.SuiteRunner.run(SuiteRunner.java:276)
	at org.testng.SuiteRunnerWorker.runSuite(SuiteRunnerWorker.java:53)
	at org.testng.SuiteRunnerWorker.run(SuiteRunnerWorker.java:96)
	at org.testng.TestNG.runSuitesSequentially(TestNG.java:1212)
	at org.testng.TestNG.runSuitesLocally(TestNG.java:1134)
	at org.testng.TestNG.runSuites(TestNG.java:1063)
	at org.testng.TestNG.run(TestNG.java:1031)
	at org.testng.remote.AbstractRemoteTestNG.run(AbstractRemoteTestNG.java:115)
	at org.testng.remote.RemoteTestNG.initAndRun(RemoteTestNG.java:251)
	at org.testng.remote.RemoteTestNG.main(RemoteTestNG.java:77)
</pre></div></td>
<td>6</td>
<td>Think.ihk_test.dashboard@17bffc17</td></tr>
</table><p>
<table width='100%' border='1' class='invocation-passed'>
<tr><td colspan='4' align='center'><b>PASSED TESTS</b></td></tr>
<tr><td><b>Test method</b></td>
<td width="30%"><b>Exception</b></td>
<td width="10%"><b>Time (seconds)</b></td>
<td><b>Instance</b></td>
</tr>
<tr>
<td title='Think.ihk_test.displayBannerCreativePreview.checkPreviewOfAds()'><b>checkPreviewOfAds</b><br>Test class: Think.ihk_test.displayBannerCreativePreview<br>Test method: Verify that all the ads banner should visible</td>
<td></td>
<td>32</td>
<td>Think.ihk_test.displayBannerCreativePreview@431cd9b2</td></tr>
<tr>
<td title='Think.ihk_test.login.drawerVisible()'><b>drawerVisible</b><br>Test class: Think.ihk_test.login<br>Test method: Verify that motif name should same as we have added in the motif management</td>
<td></td>
<td>0</td>
<td>Think.ihk_test.login@7bd7d6d6</td></tr>
<tr>
<td title='Think.ihk_test.dashboard.motifsNameVisiblefinal()'><b>motifsNameVisiblefinal</b><br>Test class: Think.ihk_test.dashboard<br>Test method: Verify that motif name should same as we have added in the motif management</td>
<td></td>
<td>2</td>
<td>Think.ihk_test.dashboard@17bffc17</td></tr>
<tr>
<td title='Think.ihk_test.displayBannerCreativeListing.compareHeadlineList()'><b>compareHeadlineList</b><br>Test class: Think.ihk_test.displayBannerCreativeListing<br>Test method: Verify that head line should be visible in the creative listing.</td>
<td></td>
<td>12</td>
<td>Think.ihk_test.displayBannerCreativeListing@38467116</td></tr>
<tr>
<td title='Think.ihk_test.displayBannerCreativeListing.navigateToTemplateList()'><b>navigateToTemplateList</b><br>Test class: Think.ihk_test.displayBannerCreativeListing<br>Test method: Verify that user should able to navigate to the creative list screen</td>
<td></td>
<td>2</td>
<td>Think.ihk_test.displayBannerCreativeListing@38467116</td></tr>
<tr>
<td title='Think.ihk_test.displayBannerCreativePreview.configurationChangeByDropdown()'><b>configurationChangeByDropdown</b><br>Test class: Think.ihk_test.displayBannerCreativePreview<br>Test method: Verify that selected option from the configuration should visible in the preview screen</td>
<td></td>
<td>3</td>
<td>Think.ihk_test.displayBannerCreativePreview@431cd9b2</td></tr>
<tr>
<td title='Think.ihk_test.displayBannerCreativeListing.addNewCampaign()'><b>addNewCampaign</b><br>Test class: Think.ihk_test.displayBannerCreativeListing<br>Test method: Verify that campaign should added successfully</td>
<td></td>
<td>17</td>
<td>Think.ihk_test.displayBannerCreativeListing@38467116</td></tr>
<tr>
<td title='Think.ihk_test.displayBannerCreativeListing.duplicateList()'><b>duplicateList</b><br>Test class: Think.ihk_test.displayBannerCreativeListing<br>Test method: Verify that duplicate campaign should works</td>
<td></td>
<td>10</td>
<td>Think.ihk_test.displayBannerCreativeListing@38467116</td></tr>
<tr>
<td title='Think.ihk_test.displayBannerCreativeListing.filterRegionCreativeListing()'><b>filterRegionCreativeListing</b><br>Test class: Think.ihk_test.displayBannerCreativeListing<br>Test method: Verify that Filter By Region should works</td>
<td></td>
<td>2</td>
<td>Think.ihk_test.displayBannerCreativeListing@38467116</td></tr>
<tr>
<td title='Think.ihk_test.displayBannerTemplateList.verifyTypOfDisplayBanner()'><b>verifyTypOfDisplayBanner</b><br>Test class: Think.ihk_test.displayBannerTemplateList<br>Test method: Verify type of the display banner</td>
<td></td>
<td>0</td>
<td>Think.ihk_test.displayBannerTemplateList@26abb146</td></tr>
<tr>
<td title='Think.ihk_test.displayBannerCreativeListing.deleteList()'><b>deleteList</b><br>Test class: Think.ihk_test.displayBannerCreativeListing<br>Test method: Verify that delete campaign should works</td>
<td></td>
<td>8</td>
<td>Think.ihk_test.displayBannerCreativeListing@38467116</td></tr>
<tr>
<td title='Think.ihk_test.displayBannerTemplateList.navigateDisplayBannerModule()'><b>navigateDisplayBannerModule</b><br>Test class: Think.ihk_test.displayBannerTemplateList<br>Test method: Verify that user should able to navigate to the display banner screen </td>
<td></td>
<td>6</td>
<td>Think.ihk_test.displayBannerTemplateList@26abb146</td></tr>
<tr>
<td title='Think.ihk_test.displayBannerCreativeListing.compareImageList()'><b>compareImageList</b><br>Test class: Think.ihk_test.displayBannerCreativeListing<br>Test method: Verify that image should be visible in the creative listing.</td>
<td></td>
<td>2</td>
<td>Think.ihk_test.displayBannerCreativeListing@38467116</td></tr>
<tr>
<td title='Think.ihk_test.login.Login()'><b>Login</b><br>Test class: Think.ihk_test.login<br>Test method: Verify that motif name should same as we have added in the motif management</td>
<td></td>
<td>5</td>
<td>Think.ihk_test.login@7bd7d6d6</td></tr>
<tr>
<td title='Think.ihk_test.displayBannerCreativeListing.compareSearchCreativeListing()'><b>compareSearchCreativeListing</b><br>Test class: Think.ihk_test.displayBannerCreativeListing<br>Test method: Verify that search should working in the creative listing.</td>
<td></td>
<td>4</td>
<td>Think.ihk_test.displayBannerCreativeListing@38467116</td></tr>
<tr>
<td title='Think.ihk_test.displayBannerCreativeListing.searchCreativeListingMessage()'><b>searchCreativeListingMessage</b><br>Test class: Think.ihk_test.displayBannerCreativeListing<br>Test method: Verify that No found should be visible if no record available after search</td>
<td></td>
<td>2</td>
<td>Think.ihk_test.displayBannerCreativeListing@38467116</td></tr>
</table><p>
<table width='100%' border='1' class='invocation-skipped'>
<tr><td colspan='4' align='center'><b>SKIPPED TESTS</b></td></tr>
<tr><td><b>Test method</b></td>
<td width="30%"><b>Exception</b></td>
<td width="10%"><b>Time (seconds)</b></td>
<td><b>Instance</b></td>
</tr>
<tr>
<td title='Think.ihk_test.displayBannerCreativePreview.checkPreviewAfterEdit()'><b>checkPreviewAfterEdit</b><br>Test class: Think.ihk_test.displayBannerCreativePreview<br>Test method: Verify that  same creative preview should visible which i edited by content setting</td>
<td><div><pre>java.lang.AssertionError: Arrays differ at element [0]: WIR FEIERN JEDEN TAG. ERFOLGSERLEBNISSE. != NICHT ARBEITEN, SONDERN WACHSEN BIS 67. expected [WIR FEIERN JEDEN TAG. ERFOLGSERLEBNISSE.] but found [NICHT ARBEITEN, SONDERN WACHSEN BIS 67.]
	at Think.ihk_pageobjects.DisplayBanner.checkPreviewAfterEdit(DisplayBanner.java:485)
	at Think.ihk_test.displayBannerCreativePreview.checkPreviewAfterEdit(displayBannerCreativePreview.java:61)
	at java.base/java.util.ArrayList.forEach(ArrayList.java:1511)
... Removed 32 stack frames</pre></div><a href='#' onClick='toggleBox("stack-trace282375539", this, "Click to show all stack frames", "Click to hide stack frames")'>Click to show all stack frames</a>
<div class='stack-trace' id='stack-trace282375539'><pre>java.lang.AssertionError: Arrays differ at element [0]: WIR FEIERN JEDEN TAG. ERFOLGSERLEBNISSE. != NICHT ARBEITEN, SONDERN WACHSEN BIS 67. expected [WIR FEIERN JEDEN TAG. ERFOLGSERLEBNISSE.] but found [NICHT ARBEITEN, SONDERN WACHSEN BIS 67.]
	at org.testng.Assert.fail(Assert.java:99)
	at org.testng.Assert.failNotEquals(Assert.java:1037)
	at org.testng.Assert.assertEqualsImpl(Assert.java:140)
	at org.testng.Assert.assertEquals(Assert.java:1244)
	at org.testng.Assert.assertEquals(Assert.java:1302)
	at Think.ihk_pageobjects.DisplayBanner.checkPreviewAfterEdit(DisplayBanner.java:485)
	at Think.ihk_test.displayBannerCreativePreview.checkPreviewAfterEdit(displayBannerCreativePreview.java:61)
	at java.base/jdk.internal.reflect.NativeMethodAccessorImpl.invoke0(Native Method)
	at java.base/jdk.internal.reflect.NativeMethodAccessorImpl.invoke(NativeMethodAccessorImpl.java:77)
	at java.base/jdk.internal.reflect.DelegatingMethodAccessorImpl.invoke(DelegatingMethodAccessorImpl.java:43)
	at java.base/java.lang.reflect.Method.invoke(Method.java:568)
	at org.testng.internal.MethodInvocationHelper.invokeMethod(MethodInvocationHelper.java:133)
	at org.testng.internal.TestInvoker.invokeMethod(TestInvoker.java:598)
	at org.testng.internal.TestInvoker.invokeTestMethod(TestInvoker.java:173)
	at org.testng.internal.MethodRunner.runInSequence(MethodRunner.java:46)
	at org.testng.internal.TestInvoker$MethodInvocationAgent.invoke(TestInvoker.java:824)
	at org.testng.internal.TestInvoker.invokeTestMethods(TestInvoker.java:146)
	at org.testng.internal.TestMethodWorker.invokeTestMethods(TestMethodWorker.java:146)
	at org.testng.internal.TestMethodWorker.run(TestMethodWorker.java:128)
	at java.base/java.util.ArrayList.forEach(ArrayList.java:1511)
	at org.testng.TestRunner.privateRun(TestRunner.java:794)
	at org.testng.TestRunner.run(TestRunner.java:596)
	at org.testng.SuiteRunner.runTest(SuiteRunner.java:377)
	at org.testng.SuiteRunner.runSequentially(SuiteRunner.java:371)
	at org.testng.SuiteRunner.privateRun(SuiteRunner.java:332)
	at org.testng.SuiteRunner.run(SuiteRunner.java:276)
	at org.testng.SuiteRunnerWorker.runSuite(SuiteRunnerWorker.java:53)
	at org.testng.SuiteRunnerWorker.run(SuiteRunnerWorker.java:96)
	at org.testng.TestNG.runSuitesSequentially(TestNG.java:1212)
	at org.testng.TestNG.runSuitesLocally(TestNG.java:1134)
	at org.testng.TestNG.runSuites(TestNG.java:1063)
	at org.testng.TestNG.run(TestNG.java:1031)
	at org.testng.remote.AbstractRemoteTestNG.run(AbstractRemoteTestNG.java:115)
	at org.testng.remote.RemoteTestNG.initAndRun(RemoteTestNG.java:251)
	at org.testng.remote.RemoteTestNG.main(RemoteTestNG.java:77)
</pre></div></td>
<td>22</td>
<td>Think.ihk_test.displayBannerCreativePreview@431cd9b2</td></tr>
<tr>
<td title='Think.ihk_test.dashboard.motifsImageVisibleFinal()'><b>motifsImageVisibleFinal</b><br>Test class: Think.ihk_test.dashboard<br>Test method: Verify that motif url should same as we have added in the motif management</td>
<td><div><pre>java.lang.AssertionError: Lists differ at element [0]: https://s3.eu-central-1.amazonaws.com/ads.ihk-stage/assets/motifs/stage-check-111_preview.jpg != https://s3.eu-central-1.amazonaws.com/ads.ihk-stage/assets/motifs/motif-preview-placeholder.jpg expected [https://s3.eu-central-1.amazonaws.com/ads.ihk-stage/assets/motifs/stage-check-111_preview.jpg] but found [https://s3.eu-central-1.amazonaws.com/ads.ihk-stage/assets/motifs/motif-preview-placeholder.jpg]
	at Think.ihk_test.dashboard.motifsImageVisibleFinal(dashboard.java:117)
	at java.base/java.util.ArrayList.forEach(ArrayList.java:1511)
... Removed 32 stack frames</pre></div><a href='#' onClick='toggleBox("stack-trace1339052072", this, "Click to show all stack frames", "Click to hide stack frames")'>Click to show all stack frames</a>
<div class='stack-trace' id='stack-trace1339052072'><pre>java.lang.AssertionError: Lists differ at element [0]: https://s3.eu-central-1.amazonaws.com/ads.ihk-stage/assets/motifs/stage-check-111_preview.jpg != https://s3.eu-central-1.amazonaws.com/ads.ihk-stage/assets/motifs/motif-preview-placeholder.jpg expected [https://s3.eu-central-1.amazonaws.com/ads.ihk-stage/assets/motifs/stage-check-111_preview.jpg] but found [https://s3.eu-central-1.amazonaws.com/ads.ihk-stage/assets/motifs/motif-preview-placeholder.jpg]
	at org.testng.Assert.fail(Assert.java:99)
	at org.testng.Assert.failNotEquals(Assert.java:1037)
	at org.testng.Assert.assertEqualsImpl(Assert.java:140)
	at org.testng.Assert.assertEquals(Assert.java:1103)
	at org.testng.Assert.assertEquals(Assert.java:1065)
	at Think.ihk_test.dashboard.motifsImageVisibleFinal(dashboard.java:117)
	at java.base/jdk.internal.reflect.NativeMethodAccessorImpl.invoke0(Native Method)
	at java.base/jdk.internal.reflect.NativeMethodAccessorImpl.invoke(NativeMethodAccessorImpl.java:77)
	at java.base/jdk.internal.reflect.DelegatingMethodAccessorImpl.invoke(DelegatingMethodAccessorImpl.java:43)
	at java.base/java.lang.reflect.Method.invoke(Method.java:568)
	at org.testng.internal.MethodInvocationHelper.invokeMethod(MethodInvocationHelper.java:133)
	at org.testng.internal.TestInvoker.invokeMethod(TestInvoker.java:598)
	at org.testng.internal.TestInvoker.invokeTestMethod(TestInvoker.java:173)
	at org.testng.internal.MethodRunner.runInSequence(MethodRunner.java:46)
	at org.testng.internal.TestInvoker$MethodInvocationAgent.invoke(TestInvoker.java:824)
	at org.testng.internal.TestInvoker.invokeTestMethods(TestInvoker.java:146)
	at org.testng.internal.TestMethodWorker.invokeTestMethods(TestMethodWorker.java:146)
	at org.testng.internal.TestMethodWorker.run(TestMethodWorker.java:128)
	at java.base/java.util.ArrayList.forEach(ArrayList.java:1511)
	at org.testng.TestRunner.privateRun(TestRunner.java:794)
	at org.testng.TestRunner.run(TestRunner.java:596)
	at org.testng.SuiteRunner.runTest(SuiteRunner.java:377)
	at org.testng.SuiteRunner.runSequentially(SuiteRunner.java:371)
	at org.testng.SuiteRunner.privateRun(SuiteRunner.java:332)
	at org.testng.SuiteRunner.run(SuiteRunner.java:276)
	at org.testng.SuiteRunnerWorker.runSuite(SuiteRunnerWorker.java:53)
	at org.testng.SuiteRunnerWorker.run(SuiteRunnerWorker.java:96)
	at org.testng.TestNG.runSuitesSequentially(TestNG.java:1212)
	at org.testng.TestNG.runSuitesLocally(TestNG.java:1134)
	at org.testng.TestNG.runSuites(TestNG.java:1063)
	at org.testng.TestNG.run(TestNG.java:1031)
	at org.testng.remote.AbstractRemoteTestNG.run(AbstractRemoteTestNG.java:115)
	at org.testng.remote.RemoteTestNG.initAndRun(RemoteTestNG.java:251)
	at org.testng.remote.RemoteTestNG.main(RemoteTestNG.java:77)
</pre></div></td>
<td>14</td>
<td>Think.ihk_test.dashboard@17bffc17</td></tr>
</table><p>
</body>
</html>