<?xml version="1.0" encoding="UTF-8"?>
<testng-results retried="2" ignored="0" total="20" passed="16" failed="2" skipped="0">
  <reporter-output>
  </reporter-output>
  <suite started-at="2024-01-29T18:55:35 IST" name="Suite" finished-at="2024-01-29T18:58:29 IST" duration-ms="173768">
    <groups>
    </groups>
    <test started-at="2024-01-29T18:55:35 IST" name="Test" finished-at="2024-01-29T18:58:29 IST" duration-ms="173768">
      <class name="Think.ihk_test.dashboard">
        <test-method is-config="true" signature="launchApplication()[pri:0, instance:Think.ihk_test.dashboard@17bffc17]" started-at="2024-01-29T18:55:46 IST" name="launchApplication" finished-at="2024-01-29T18:55:49 IST" duration-ms="2751" status="PASS">
          <reporter-output>
          </reporter-output>
        </test-method> <!-- launchApplication -->
        <test-method retried="true" signature="motifsImageVisibleFinal()[pri:0, instance:Think.ihk_test.dashboard@17bffc17]" started-at="2024-01-29T18:55:49 IST" name="motifsImageVisibleFinal" description="Verify that motif url should same as we have added in the motif management" finished-at="2024-01-29T18:56:03 IST" duration-ms="14701" status="SKIP">
          <exception class="java.lang.AssertionError">
            <message>
              <![CDATA[Lists differ at element [0]: https://s3.eu-central-1.amazonaws.com/ads.ihk-stage/assets/motifs/stage-check-111_preview.jpg != https://s3.eu-central-1.amazonaws.com/ads.ihk-stage/assets/motifs/motif-preview-placeholder.jpg expected [https://s3.eu-central-1.amazonaws.com/ads.ihk-stage/assets/motifs/stage-check-111_preview.jpg] but found [https://s3.eu-central-1.amazonaws.com/ads.ihk-stage/assets/motifs/motif-preview-placeholder.jpg]]]>
            </message>
            <full-stacktrace>
              <![CDATA[java.lang.AssertionError: Lists differ at element [0]: https://s3.eu-central-1.amazonaws.com/ads.ihk-stage/assets/motifs/stage-check-111_preview.jpg != https://s3.eu-central-1.amazonaws.com/ads.ihk-stage/assets/motifs/motif-preview-placeholder.jpg expected [https://s3.eu-central-1.amazonaws.com/ads.ihk-stage/assets/motifs/stage-check-111_preview.jpg] but found [https://s3.eu-central-1.amazonaws.com/ads.ihk-stage/assets/motifs/motif-preview-placeholder.jpg]
at org.testng.Assert.fail(Assert.java:99)
at org.testng.Assert.failNotEquals(Assert.java:1037)
at org.testng.Assert.assertEqualsImpl(Assert.java:140)
at org.testng.Assert.assertEquals(Assert.java:1103)
at org.testng.Assert.assertEquals(Assert.java:1065)
at Think.ihk_test.dashboard.motifsImageVisibleFinal(dashboard.java:117)
at java.base/jdk.internal.reflect.NativeMethodAccessorImpl.invoke0(Native Method)
at java.base/jdk.internal.reflect.NativeMethodAccessorImpl.invoke(NativeMethodAccessorImpl.java:77)
at java.base/jdk.internal.reflect.DelegatingMethodAccessorImpl.invoke(DelegatingMethodAccessorImpl.java:43)
at java.base/java.lang.reflect.Method.invoke(Method.java:568)
at org.testng.internal.MethodInvocationHelper.invokeMethod(MethodInvocationHelper.java:133)
at org.testng.internal.TestInvoker.invokeMethod(TestInvoker.java:598)
at org.testng.internal.TestInvoker.invokeTestMethod(TestInvoker.java:173)
at org.testng.internal.MethodRunner.runInSequence(MethodRunner.java:46)
at org.testng.internal.TestInvoker$MethodInvocationAgent.invoke(TestInvoker.java:824)
at org.testng.internal.TestInvoker.invokeTestMethods(TestInvoker.java:146)
at org.testng.internal.TestMethodWorker.invokeTestMethods(TestMethodWorker.java:146)
at org.testng.internal.TestMethodWorker.run(TestMethodWorker.java:128)
at java.base/java.util.ArrayList.forEach(ArrayList.java:1511)
at org.testng.TestRunner.privateRun(TestRunner.java:794)
at org.testng.TestRunner.run(TestRunner.java:596)
at org.testng.SuiteRunner.runTest(SuiteRunner.java:377)
at org.testng.SuiteRunner.runSequentially(SuiteRunner.java:371)
at org.testng.SuiteRunner.privateRun(SuiteRunner.java:332)
at org.testng.SuiteRunner.run(SuiteRunner.java:276)
at org.testng.SuiteRunnerWorker.runSuite(SuiteRunnerWorker.java:53)
at org.testng.SuiteRunnerWorker.run(SuiteRunnerWorker.java:96)
at org.testng.TestNG.runSuitesSequentially(TestNG.java:1212)
at org.testng.TestNG.runSuitesLocally(TestNG.java:1134)
at org.testng.TestNG.runSuites(TestNG.java:1063)
at org.testng.TestNG.run(TestNG.java:1031)
at org.testng.remote.AbstractRemoteTestNG.run(AbstractRemoteTestNG.java:115)
at org.testng.remote.RemoteTestNG.initAndRun(RemoteTestNG.java:251)
at org.testng.remote.RemoteTestNG.main(RemoteTestNG.java:77)
]]>
            </full-stacktrace>
          </exception> <!-- java.lang.AssertionError -->
          <reporter-output>
          </reporter-output>
        </test-method> <!-- motifsImageVisibleFinal -->
        <test-method signature="motifsImageVisibleFinal()[pri:0, instance:Think.ihk_test.dashboard@17bffc17]" started-at="2024-01-29T18:56:03 IST" name="motifsImageVisibleFinal" description="Verify that motif url should same as we have added in the motif management" finished-at="2024-01-29T18:56:10 IST" duration-ms="6955" status="FAIL">
          <exception class="java.lang.AssertionError">
            <message>
              <![CDATA[Lists differ at element [0]: https://s3.eu-central-1.amazonaws.com/ads.ihk-stage/assets/motifs/stage-check-111_preview.jpg != https://s3.eu-central-1.amazonaws.com/ads.ihk-stage/assets/motifs/motif-preview-placeholder.jpg expected [https://s3.eu-central-1.amazonaws.com/ads.ihk-stage/assets/motifs/stage-check-111_preview.jpg] but found [https://s3.eu-central-1.amazonaws.com/ads.ihk-stage/assets/motifs/motif-preview-placeholder.jpg]]]>
            </message>
            <full-stacktrace>
              <![CDATA[java.lang.AssertionError: Lists differ at element [0]: https://s3.eu-central-1.amazonaws.com/ads.ihk-stage/assets/motifs/stage-check-111_preview.jpg != https://s3.eu-central-1.amazonaws.com/ads.ihk-stage/assets/motifs/motif-preview-placeholder.jpg expected [https://s3.eu-central-1.amazonaws.com/ads.ihk-stage/assets/motifs/stage-check-111_preview.jpg] but found [https://s3.eu-central-1.amazonaws.com/ads.ihk-stage/assets/motifs/motif-preview-placeholder.jpg]
at org.testng.Assert.fail(Assert.java:99)
at org.testng.Assert.failNotEquals(Assert.java:1037)
at org.testng.Assert.assertEqualsImpl(Assert.java:140)
at org.testng.Assert.assertEquals(Assert.java:1103)
at org.testng.Assert.assertEquals(Assert.java:1065)
at Think.ihk_test.dashboard.motifsImageVisibleFinal(dashboard.java:117)
at java.base/jdk.internal.reflect.NativeMethodAccessorImpl.invoke0(Native Method)
at java.base/jdk.internal.reflect.NativeMethodAccessorImpl.invoke(NativeMethodAccessorImpl.java:77)
at java.base/jdk.internal.reflect.DelegatingMethodAccessorImpl.invoke(DelegatingMethodAccessorImpl.java:43)
at java.base/java.lang.reflect.Method.invoke(Method.java:568)
at org.testng.internal.MethodInvocationHelper.invokeMethod(MethodInvocationHelper.java:133)
at org.testng.internal.TestInvoker.invokeMethod(TestInvoker.java:598)
at org.testng.internal.TestInvoker.retryFailed(TestInvoker.java:213)
at org.testng.internal.MethodRunner.runInSequence(MethodRunner.java:58)
at org.testng.internal.TestInvoker$MethodInvocationAgent.invoke(TestInvoker.java:824)
at org.testng.internal.TestInvoker.invokeTestMethods(TestInvoker.java:146)
at org.testng.internal.TestMethodWorker.invokeTestMethods(TestMethodWorker.java:146)
at org.testng.internal.TestMethodWorker.run(TestMethodWorker.java:128)
at java.base/java.util.ArrayList.forEach(ArrayList.java:1511)
at org.testng.TestRunner.privateRun(TestRunner.java:794)
at org.testng.TestRunner.run(TestRunner.java:596)
at org.testng.SuiteRunner.runTest(SuiteRunner.java:377)
at org.testng.SuiteRunner.runSequentially(SuiteRunner.java:371)
at org.testng.SuiteRunner.privateRun(SuiteRunner.java:332)
at org.testng.SuiteRunner.run(SuiteRunner.java:276)
at org.testng.SuiteRunnerWorker.runSuite(SuiteRunnerWorker.java:53)
at org.testng.SuiteRunnerWorker.run(SuiteRunnerWorker.java:96)
at org.testng.TestNG.runSuitesSequentially(TestNG.java:1212)
at org.testng.TestNG.runSuitesLocally(TestNG.java:1134)
at org.testng.TestNG.runSuites(TestNG.java:1063)
at org.testng.TestNG.run(TestNG.java:1031)
at org.testng.remote.AbstractRemoteTestNG.run(AbstractRemoteTestNG.java:115)
at org.testng.remote.RemoteTestNG.initAndRun(RemoteTestNG.java:251)
at org.testng.remote.RemoteTestNG.main(RemoteTestNG.java:77)
]]>
            </full-stacktrace>
          </exception> <!-- java.lang.AssertionError -->
          <reporter-output>
          </reporter-output>
        </test-method> <!-- motifsImageVisibleFinal -->
        <test-method signature="motifsNameVisiblefinal()[pri:0, instance:Think.ihk_test.dashboard@17bffc17]" started-at="2024-01-29T18:56:11 IST" name="motifsNameVisiblefinal" description="Verify that motif name should same as we have added in the motif management" finished-at="2024-01-29T18:56:14 IST" duration-ms="2950" status="PASS">
          <reporter-output>
          </reporter-output>
        </test-method> <!-- motifsNameVisiblefinal -->
        <test-method is-config="true" signature="TearDown()[pri:0, instance:Think.ihk_test.dashboard@17bffc17]" started-at="2024-01-29T18:56:14 IST" name="TearDown" finished-at="2024-01-29T18:56:14 IST" duration-ms="77" status="PASS">
          <reporter-output>
          </reporter-output>
        </test-method> <!-- TearDown -->
      </class> <!-- Think.ihk_test.dashboard -->
      <class name="Think.ihk_test.displayBannerCreativeListing">
        <test-method is-config="true" signature="launchApplication()[pri:0, instance:Think.ihk_test.displayBannerCreativeListing@38467116]" started-at="2024-01-29T18:57:23 IST" name="launchApplication" finished-at="2024-01-29T18:57:25 IST" duration-ms="1894" status="PASS">
          <reporter-output>
          </reporter-output>
        </test-method> <!-- launchApplication -->
        <test-method signature="addNewCampaign()[pri:0, instance:Think.ihk_test.displayBannerCreativeListing@38467116]" started-at="2024-01-29T18:57:25 IST" name="addNewCampaign" description="Verify that campaign should added successfully" finished-at="2024-01-29T18:57:42 IST" duration-ms="17011" status="PASS">
          <reporter-output>
          </reporter-output>
        </test-method> <!-- addNewCampaign -->
        <test-method signature="compareHeadlineList()[pri:0, instance:Think.ihk_test.displayBannerCreativeListing@38467116]" started-at="2024-01-29T18:57:42 IST" name="compareHeadlineList" description="Verify that head line should be visible in the creative listing." finished-at="2024-01-29T18:57:55 IST" duration-ms="12823" status="PASS">
          <reporter-output>
          </reporter-output>
        </test-method> <!-- compareHeadlineList -->
        <test-method signature="compareImageList()[pri:0, instance:Think.ihk_test.displayBannerCreativeListing@38467116]" started-at="2024-01-29T18:57:55 IST" name="compareImageList" description="Verify that image should be visible in the creative listing." finished-at="2024-01-29T18:57:58 IST" duration-ms="2876" status="PASS">
          <reporter-output>
          </reporter-output>
        </test-method> <!-- compareImageList -->
        <test-method signature="compareSearchCreativeListing()[pri:0, instance:Think.ihk_test.displayBannerCreativeListing@38467116]" started-at="2024-01-29T18:57:58 IST" name="compareSearchCreativeListing" description="Verify that search should working in the creative listing." finished-at="2024-01-29T18:58:02 IST" duration-ms="4396" status="PASS">
          <reporter-output>
          </reporter-output>
        </test-method> <!-- compareSearchCreativeListing -->
        <test-method signature="deleteList()[pri:0, instance:Think.ihk_test.displayBannerCreativeListing@38467116]" started-at="2024-01-29T18:58:02 IST" name="deleteList" description="Verify that delete campaign should works" finished-at="2024-01-29T18:58:11 IST" duration-ms="8683" status="PASS">
          <reporter-output>
          </reporter-output>
        </test-method> <!-- deleteList -->
        <test-method signature="duplicateList()[pri:0, instance:Think.ihk_test.displayBannerCreativeListing@38467116]" started-at="2024-01-29T18:58:11 IST" name="duplicateList" description="Verify that duplicate campaign should works" finished-at="2024-01-29T18:58:22 IST" duration-ms="10384" status="PASS">
          <reporter-output>
          </reporter-output>
        </test-method> <!-- duplicateList -->
        <test-method signature="filterRegionCreativeListing()[pri:0, instance:Think.ihk_test.displayBannerCreativeListing@38467116]" started-at="2024-01-29T18:58:22 IST" name="filterRegionCreativeListing" description="Verify that Filter By Region should works" finished-at="2024-01-29T18:58:24 IST" duration-ms="2622" status="PASS">
          <reporter-output>
          </reporter-output>
        </test-method> <!-- filterRegionCreativeListing -->
        <test-method signature="navigateToTemplateList()[pri:0, instance:Think.ihk_test.displayBannerCreativeListing@38467116]" started-at="2024-01-29T18:58:24 IST" name="navigateToTemplateList" description="Verify that user should able to navigate to the creative list screen" finished-at="2024-01-29T18:58:26 IST" duration-ms="2333" status="PASS">
          <reporter-output>
          </reporter-output>
        </test-method> <!-- navigateToTemplateList -->
        <test-method signature="searchCreativeListingMessage()[pri:0, instance:Think.ihk_test.displayBannerCreativeListing@38467116]" started-at="2024-01-29T18:58:26 IST" name="searchCreativeListingMessage" description="Verify that No found should be visible if no record available after search" finished-at="2024-01-29T18:58:29 IST" duration-ms="2669" status="PASS">
          <reporter-output>
          </reporter-output>
        </test-method> <!-- searchCreativeListingMessage -->
        <test-method is-config="true" signature="TearDown()[pri:0, instance:Think.ihk_test.displayBannerCreativeListing@38467116]" started-at="2024-01-29T18:58:29 IST" name="TearDown" finished-at="2024-01-29T18:58:29 IST" duration-ms="77" status="PASS">
          <reporter-output>
          </reporter-output>
        </test-method> <!-- TearDown -->
      </class> <!-- Think.ihk_test.displayBannerCreativeListing -->
      <class name="Think.ihk_test.displayBannerTemplateList">
        <test-method is-config="true" signature="launchApplication()[pri:0, instance:Think.ihk_test.displayBannerTemplateList@26abb146]" started-at="2024-01-29T18:56:14 IST" name="launchApplication" finished-at="2024-01-29T18:56:15 IST" duration-ms="1712" status="PASS">
          <reporter-output>
          </reporter-output>
        </test-method> <!-- launchApplication -->
        <test-method signature="navigateDisplayBannerModule()[pri:0, instance:Think.ihk_test.displayBannerTemplateList@26abb146]" started-at="2024-01-29T18:56:15 IST" name="navigateDisplayBannerModule" description="Verify that user should able to navigate to the display banner screen " finished-at="2024-01-29T18:56:22 IST" duration-ms="6924" status="PASS">
          <reporter-output>
          </reporter-output>
        </test-method> <!-- navigateDisplayBannerModule -->
        <test-method signature="verifyTypOfDisplayBanner()[pri:0, instance:Think.ihk_test.displayBannerTemplateList@26abb146]" started-at="2024-01-29T18:56:22 IST" name="verifyTypOfDisplayBanner" description="Verify type of the display banner" finished-at="2024-01-29T18:56:23 IST" duration-ms="272" status="PASS">
          <reporter-output>
          </reporter-output>
        </test-method> <!-- verifyTypOfDisplayBanner -->
        <test-method is-config="true" signature="TearDown()[pri:0, instance:Think.ihk_test.displayBannerTemplateList@26abb146]" started-at="2024-01-29T18:56:23 IST" name="TearDown" finished-at="2024-01-29T18:56:23 IST" duration-ms="82" status="PASS">
          <reporter-output>
          </reporter-output>
        </test-method> <!-- TearDown -->
      </class> <!-- Think.ihk_test.displayBannerTemplateList -->
      <class name="Think.ihk_test.login">
        <test-method is-config="true" signature="launchApplication()[pri:0, instance:Think.ihk_test.login@7bd7d6d6]" started-at="2024-01-29T18:55:35 IST" name="launchApplication" finished-at="2024-01-29T18:55:39 IST" duration-ms="3972" status="PASS">
          <reporter-output>
          </reporter-output>
        </test-method> <!-- launchApplication -->
        <test-method signature="Login()[pri:0, instance:Think.ihk_test.login@7bd7d6d6]" started-at="2024-01-29T18:55:39 IST" name="Login" description="Verify that motif name should same as we have added in the motif management" finished-at="2024-01-29T18:55:45 IST" duration-ms="5887" status="PASS">
          <reporter-output>
          </reporter-output>
        </test-method> <!-- Login -->
        <test-method signature="drawerVisible()[pri:0, instance:Think.ihk_test.login@7bd7d6d6]" started-at="2024-01-29T18:55:45 IST" name="drawerVisible" description="Verify that motif name should same as we have added in the motif management" finished-at="2024-01-29T18:55:46 IST" duration-ms="566" status="PASS">
          <reporter-output>
          </reporter-output>
        </test-method> <!-- drawerVisible -->
        <test-method is-config="true" signature="TearDown()[pri:0, instance:Think.ihk_test.login@7bd7d6d6]" started-at="2024-01-29T18:55:46 IST" name="TearDown" finished-at="2024-01-29T18:55:46 IST" duration-ms="84" status="PASS">
          <reporter-output>
          </reporter-output>
        </test-method> <!-- TearDown -->
      </class> <!-- Think.ihk_test.login -->
      <class name="Think.ihk_test.displayBannerCreativePreview">
        <test-method is-config="true" signature="launchApplication()[pri:0, instance:Think.ihk_test.displayBannerCreativePreview@431cd9b2]" started-at="2024-01-29T18:56:23 IST" name="launchApplication" finished-at="2024-01-29T18:56:24 IST" duration-ms="1767" status="PASS">
          <reporter-output>
          </reporter-output>
        </test-method> <!-- launchApplication -->
        <test-method signature="checkPreviewOfAds()[pri:0, instance:Think.ihk_test.displayBannerCreativePreview@431cd9b2]" started-at="2024-01-29T18:56:24 IST" name="checkPreviewOfAds" description="Verify that all the ads banner should visible" finished-at="2024-01-29T18:56:57 IST" duration-ms="32466" status="PASS">
          <reporter-output>
          </reporter-output>
        </test-method> <!-- checkPreviewOfAds -->
        <test-method signature="configurationChangeByDropdown()[pri:1, instance:Think.ihk_test.displayBannerCreativePreview@431cd9b2]" started-at="2024-01-29T18:56:57 IST" name="configurationChangeByDropdown" description="Verify that selected option from the configuration should visible in the preview screen" finished-at="2024-01-29T18:57:00 IST" duration-ms="3356" status="PASS">
          <reporter-output>
          </reporter-output>
        </test-method> <!-- configurationChangeByDropdown -->
        <test-method retried="true" signature="checkPreviewAfterEdit()[pri:2, instance:Think.ihk_test.displayBannerCreativePreview@431cd9b2]" started-at="2024-01-29T18:57:00 IST" name="checkPreviewAfterEdit" description="Verify that  same creative preview should visible which i edited by content setting" finished-at="2024-01-29T18:57:23 IST" duration-ms="22476" status="SKIP">
          <exception class="java.lang.AssertionError">
            <message>
              <![CDATA[Arrays differ at element [0]: WIR FEIERN JEDEN TAG. ERFOLGSERLEBNISSE. != NICHT ARBEITEN, SONDERN WACHSEN BIS 67. expected [WIR FEIERN JEDEN TAG. ERFOLGSERLEBNISSE.] but found [NICHT ARBEITEN, SONDERN WACHSEN BIS 67.]]]>
            </message>
            <full-stacktrace>
              <![CDATA[java.lang.AssertionError: Arrays differ at element [0]: WIR FEIERN JEDEN TAG. ERFOLGSERLEBNISSE. != NICHT ARBEITEN, SONDERN WACHSEN BIS 67. expected [WIR FEIERN JEDEN TAG. ERFOLGSERLEBNISSE.] but found [NICHT ARBEITEN, SONDERN WACHSEN BIS 67.]
at org.testng.Assert.fail(Assert.java:99)
at org.testng.Assert.failNotEquals(Assert.java:1037)
at org.testng.Assert.assertEqualsImpl(Assert.java:140)
at org.testng.Assert.assertEquals(Assert.java:1244)
at org.testng.Assert.assertEquals(Assert.java:1302)
at Think.ihk_pageobjects.DisplayBanner.checkPreviewAfterEdit(DisplayBanner.java:485)
at Think.ihk_test.displayBannerCreativePreview.checkPreviewAfterEdit(displayBannerCreativePreview.java:61)
at java.base/jdk.internal.reflect.NativeMethodAccessorImpl.invoke0(Native Method)
at java.base/jdk.internal.reflect.NativeMethodAccessorImpl.invoke(NativeMethodAccessorImpl.java:77)
at java.base/jdk.internal.reflect.DelegatingMethodAccessorImpl.invoke(DelegatingMethodAccessorImpl.java:43)
at java.base/java.lang.reflect.Method.invoke(Method.java:568)
at org.testng.internal.MethodInvocationHelper.invokeMethod(MethodInvocationHelper.java:133)
at org.testng.internal.TestInvoker.invokeMethod(TestInvoker.java:598)
at org.testng.internal.TestInvoker.invokeTestMethod(TestInvoker.java:173)
at org.testng.internal.MethodRunner.runInSequence(MethodRunner.java:46)
at org.testng.internal.TestInvoker$MethodInvocationAgent.invoke(TestInvoker.java:824)
at org.testng.internal.TestInvoker.invokeTestMethods(TestInvoker.java:146)
at org.testng.internal.TestMethodWorker.invokeTestMethods(TestMethodWorker.java:146)
at org.testng.internal.TestMethodWorker.run(TestMethodWorker.java:128)
at java.base/java.util.ArrayList.forEach(ArrayList.java:1511)
at org.testng.TestRunner.privateRun(TestRunner.java:794)
at org.testng.TestRunner.run(TestRunner.java:596)
at org.testng.SuiteRunner.runTest(SuiteRunner.java:377)
at org.testng.SuiteRunner.runSequentially(SuiteRunner.java:371)
at org.testng.SuiteRunner.privateRun(SuiteRunner.java:332)
at org.testng.SuiteRunner.run(SuiteRunner.java:276)
at org.testng.SuiteRunnerWorker.runSuite(SuiteRunnerWorker.java:53)
at org.testng.SuiteRunnerWorker.run(SuiteRunnerWorker.java:96)
at org.testng.TestNG.runSuitesSequentially(TestNG.java:1212)
at org.testng.TestNG.runSuitesLocally(TestNG.java:1134)
at org.testng.TestNG.runSuites(TestNG.java:1063)
at org.testng.TestNG.run(TestNG.java:1031)
at org.testng.remote.AbstractRemoteTestNG.run(AbstractRemoteTestNG.java:115)
at org.testng.remote.RemoteTestNG.initAndRun(RemoteTestNG.java:251)
at org.testng.remote.RemoteTestNG.main(RemoteTestNG.java:77)
]]>
            </full-stacktrace>
          </exception> <!-- java.lang.AssertionError -->
          <reporter-output>
          </reporter-output>
        </test-method> <!-- checkPreviewAfterEdit -->
        <test-method signature="checkPreviewAfterEdit()[pri:2, instance:Think.ihk_test.displayBannerCreativePreview@431cd9b2]" started-at="2024-01-29T18:57:23 IST" name="checkPreviewAfterEdit" description="Verify that  same creative preview should visible which i edited by content setting" finished-at="2024-01-29T18:57:23 IST" duration-ms="533" status="FAIL">
          <exception class="org.openqa.selenium.StaleElementReferenceException">
            <message>
              <![CDATA[stale element reference: stale element not found
  (Session info: chrome=121.0.6167.86)
For documentation on this error, please visit: https://www.selenium.dev/documentation/webdriver/troubleshooting/errors#stale-element-reference-exception
Build info: version: '4.10.0', revision: 'c14d967899'
System info: os.name: 'Windows 10', os.arch: 'amd64', os.version: '10.0', java.version: '17.0.6'
Driver info: org.openqa.selenium.chrome.ChromeDriver
Command: [62b1abddcafb4d0ee2c3a3177c5895ce, isElementDisplayed {id=9362D6D30C4D0680FA66F654FA906BD8_element_13373}]
Capabilities {acceptInsecureCerts: false, browserName: chrome, browserVersion: 121.0.6167.86, chrome: {chromedriverVersion: 121.0.6167.85 (3f98d690ad7e..., userDataDir: C:\Users\mehul\AppData\Loca...}, fedcm:accounts: true, goog:chromeOptions: {debuggerAddress: localhost:50884}, networkConnectionEnabled: false, pageLoadStrategy: normal, platformName: windows, proxy: Proxy(), se:cdp: ws://localhost:50884/devtoo..., se:cdpVersion: 121.0.6167.86, setWindowRect: true, strictFileInteractability: false, timeouts: {implicit: 0, pageLoad: 300000, script: 30000}, unhandledPromptBehavior: dismiss and notify, webauthn:extension:credBlob: true, webauthn:extension:largeBlob: true, webauthn:extension:minPinLength: true, webauthn:extension:prf: true, webauthn:virtualAuthenticators: true}
Element: [[ChromeDriver: chrome on windows (62b1abddcafb4d0ee2c3a3177c5895ce)] -> xpath: //button[text()='Vorschau']]
Session ID: 62b1abddcafb4d0ee2c3a3177c5895ce]]>
            </message>
            <full-stacktrace>
              <![CDATA[org.openqa.selenium.StaleElementReferenceException: stale element reference: stale element not found
  (Session info: chrome=121.0.6167.86)
For documentation on this error, please visit: https://www.selenium.dev/documentation/webdriver/troubleshooting/errors#stale-element-reference-exception
Build info: version: '4.10.0', revision: 'c14d967899'
System info: os.name: 'Windows 10', os.arch: 'amd64', os.version: '10.0', java.version: '17.0.6'
Driver info: org.openqa.selenium.chrome.ChromeDriver
Command: [62b1abddcafb4d0ee2c3a3177c5895ce, isElementDisplayed {id=9362D6D30C4D0680FA66F654FA906BD8_element_13373}]
Capabilities {acceptInsecureCerts: false, browserName: chrome, browserVersion: 121.0.6167.86, chrome: {chromedriverVersion: 121.0.6167.85 (3f98d690ad7e..., userDataDir: C:\Users\mehul\AppData\Loca...}, fedcm:accounts: true, goog:chromeOptions: {debuggerAddress: localhost:50884}, networkConnectionEnabled: false, pageLoadStrategy: normal, platformName: windows, proxy: Proxy(), se:cdp: ws://localhost:50884/devtoo..., se:cdpVersion: 121.0.6167.86, setWindowRect: true, strictFileInteractability: false, timeouts: {implicit: 0, pageLoad: 300000, script: 30000}, unhandledPromptBehavior: dismiss and notify, webauthn:extension:credBlob: true, webauthn:extension:largeBlob: true, webauthn:extension:minPinLength: true, webauthn:extension:prf: true, webauthn:virtualAuthenticators: true}
Element: [[ChromeDriver: chrome on windows (62b1abddcafb4d0ee2c3a3177c5895ce)] -> xpath: //button[text()='Vorschau']]
Session ID: 62b1abddcafb4d0ee2c3a3177c5895ce
at java.base/jdk.internal.reflect.NativeConstructorAccessorImpl.newInstance0(Native Method)
at java.base/jdk.internal.reflect.NativeConstructorAccessorImpl.newInstance(NativeConstructorAccessorImpl.java:77)
at java.base/jdk.internal.reflect.DelegatingConstructorAccessorImpl.newInstance(DelegatingConstructorAccessorImpl.java:45)
at java.base/java.lang.reflect.Constructor.newInstanceWithCaller(Constructor.java:499)
at java.base/java.lang.reflect.Constructor.newInstance(Constructor.java:480)
at org.openqa.selenium.remote.codec.w3c.W3CHttpResponseCodec.createException(W3CHttpResponseCodec.java:200)
at org.openqa.selenium.remote.codec.w3c.W3CHttpResponseCodec.decode(W3CHttpResponseCodec.java:133)
at org.openqa.selenium.remote.codec.w3c.W3CHttpResponseCodec.decode(W3CHttpResponseCodec.java:52)
at org.openqa.selenium.remote.HttpCommandExecutor.execute(HttpCommandExecutor.java:191)
at org.openqa.selenium.remote.service.DriverCommandExecutor.invokeExecute(DriverCommandExecutor.java:200)
at org.openqa.selenium.remote.service.DriverCommandExecutor.execute(DriverCommandExecutor.java:175)
at org.openqa.selenium.remote.RemoteWebDriver.execute(RemoteWebDriver.java:602)
at org.openqa.selenium.remote.RemoteWebElement.execute(RemoteWebElement.java:224)
at org.openqa.selenium.remote.RemoteWebElement.isDisplayed(RemoteWebElement.java:283)
at org.openqa.selenium.support.ui.ExpectedConditions$9.apply(ExpectedConditions.java:264)
at org.openqa.selenium.support.ui.ExpectedConditions$9.apply(ExpectedConditions.java:260)
at org.openqa.selenium.support.ui.FluentWait.until(FluentWait.java:205)
at Think.ihk_abstract.Abstract.waitForListOfWebElementToAppear(Abstract.java:60)
at Think.ihk_pageobjects.DisplayBanner.checkPreviewAfterEdit(DisplayBanner.java:406)
at Think.ihk_test.displayBannerCreativePreview.checkPreviewAfterEdit(displayBannerCreativePreview.java:61)
at java.base/jdk.internal.reflect.NativeMethodAccessorImpl.invoke0(Native Method)
at java.base/jdk.internal.reflect.NativeMethodAccessorImpl.invoke(NativeMethodAccessorImpl.java:77)
at java.base/jdk.internal.reflect.DelegatingMethodAccessorImpl.invoke(DelegatingMethodAccessorImpl.java:43)
at java.base/java.lang.reflect.Method.invoke(Method.java:568)
at org.testng.internal.MethodInvocationHelper.invokeMethod(MethodInvocationHelper.java:133)
at org.testng.internal.TestInvoker.invokeMethod(TestInvoker.java:598)
at org.testng.internal.TestInvoker.retryFailed(TestInvoker.java:213)
at org.testng.internal.MethodRunner.runInSequence(MethodRunner.java:58)
at org.testng.internal.TestInvoker$MethodInvocationAgent.invoke(TestInvoker.java:824)
at org.testng.internal.TestInvoker.invokeTestMethods(TestInvoker.java:146)
at org.testng.internal.TestMethodWorker.invokeTestMethods(TestMethodWorker.java:146)
at org.testng.internal.TestMethodWorker.run(TestMethodWorker.java:128)
at java.base/java.util.ArrayList.forEach(ArrayList.java:1511)
at org.testng.TestRunner.privateRun(TestRunner.java:794)
at org.testng.TestRunner.run(TestRunner.java:596)
at org.testng.SuiteRunner.runTest(SuiteRunner.java:377)
at org.testng.SuiteRunner.runSequentially(SuiteRunner.java:371)
at org.testng.SuiteRunner.privateRun(SuiteRunner.java:332)
at org.testng.SuiteRunner.run(SuiteRunner.java:276)
at org.testng.SuiteRunnerWorker.runSuite(SuiteRunnerWorker.java:53)
at org.testng.SuiteRunnerWorker.run(SuiteRunnerWorker.java:96)
at org.testng.TestNG.runSuitesSequentially(TestNG.java:1212)
at org.testng.TestNG.runSuitesLocally(TestNG.java:1134)
at org.testng.TestNG.runSuites(TestNG.java:1063)
at org.testng.TestNG.run(TestNG.java:1031)
at org.testng.remote.AbstractRemoteTestNG.run(AbstractRemoteTestNG.java:115)
at org.testng.remote.RemoteTestNG.initAndRun(RemoteTestNG.java:251)
at org.testng.remote.RemoteTestNG.main(RemoteTestNG.java:77)
]]>
            </full-stacktrace>
          </exception> <!-- org.openqa.selenium.StaleElementReferenceException -->
          <reporter-output>
          </reporter-output>
        </test-method> <!-- checkPreviewAfterEdit -->
        <test-method is-config="true" signature="TearDown()[pri:0, instance:Think.ihk_test.displayBannerCreativePreview@431cd9b2]" started-at="2024-01-29T18:57:23 IST" name="TearDown" finished-at="2024-01-29T18:57:23 IST" duration-ms="75" status="PASS">
          <reporter-output>
          </reporter-output>
        </test-method> <!-- TearDown -->
      </class> <!-- Think.ihk_test.displayBannerCreativePreview -->
    </test> <!-- Test -->
  </suite> <!-- Suite -->
</testng-results>
